<?xml version="1.0" encoding="UTF-8"?>
<!-- Generated by org.testng.reporters.JUnitReportReporter -->
<testsuite name="com.spec.obj.posts.FirstPost_Test" tests="1" time="0.000" ignored="0" failures="0" timestamp="26 Aug 2018 03:17:06 GMT" skipped="1" hostname="mds-MacBook-Pro.local" errors="0">
  <testcase name="createPost" time="0.000" classname="com.spec.obj.posts.FirstPost_Test">
    <skipped/>
  </testcase> <!-- createPost -->
</testsuite> <!-- com.spec.obj.posts.FirstPost_Test -->
