<?xml version="1.0" encoding="UTF-8"?>
<!-- Generated by org.testng.reporters.JUnitReportReporter -->
<testsuite name="com.spec.obj.posts.FirstPost_Test" tests="1" time="6.406" ignored="0" failures="0" timestamp="21 Aug 2018 17:43:03 GMT" skipped="0" hostname="mds-MacBook-Pro.local" errors="0">
  <testcase name="createPost" time="6.406" classname="com.spec.obj.posts.FirstPost_Test"/>
</testsuite> <!-- com.spec.obj.posts.FirstPost_Test -->
