<?xml version="1.0" encoding="UTF-8"?>
<!-- Generated by org.testng.reporters.JUnitReportReporter -->
<testsuite name="com.mapp.test.user.Login_Test" tests="1" time="0.005" ignored="0" failures="0" timestamp="20 Aug 2018 11:11:30 GMT" skipped="0" hostname="mds-MacBook-Pro.local" errors="0">
  <testcase name="ok" time="0.005" classname="com.mapp.test.user.Login_Test"/>
</testsuite> <!-- com.mapp.test.user.Login_Test -->
